  Project3TestExecutives.cpp
CodeAnalyzer.lib(Executive.obj) : error LNK2019: unresolved external symbol "public: __cdecl CodeAnalysis::DepAnal::DepAnal(void)" (??0DepAnal@CodeAnalysis@@QEAA@XZ) referenced in function "public: void __cdecl CodeAnalysis::CodeAnalysisExecutive::initProcessSourceCodeDepAnal(bool)" (?initProcessSourceCodeDepAnal@CodeAnalysisExecutive@CodeAnalysis@@QEAAX_N@Z)
CodeAnalyzer.lib(Executive.obj) : error LNK2019: unresolved external symbol "public: void __cdecl CodeAnalysis::DepAnal::doDepAnal(class std::basic_string<char,struct std::char_traits<char>,class std::allocator<char> >)" (?doDepAnal@DepAnal@CodeAnalysis@@QEAAXV?$basic_string@DU?$char_traits@D@std@@V?$allocator@D@2@@std@@@Z) referenced in function "public: void __cdecl CodeAnalysis::CodeAnalysisExecutive::initProcessSourceCodeDepAnal(bool)" (?initProcessSourceCodeDepAnal@CodeAnalysisExecutive@CodeAnalysis@@QEAAX_N@Z)
MSVCRTD.lib(exe_main.obj) : error LNK2019: unresolved external symbol main referenced in function "int __cdecl invoke_main(void)" (?invoke_main@@YAHXZ)
C:\Project4\CSharpCliShim-WPF-App 2\x64\Debug\Project3TestExecutives.exe : fatal error LNK1120: 3 unresolved externals
